Arguments: 
  C:\Program Files\nodejs\node.exe C:\Users\ldh\AppData\Roaming\npm\node_modules\yarn\bin\yarn.js add gh-pages@2.0.0 --dev

PATH: 
  C:\Python310\Scripts\;C:\Python310\;C:\WINDOWS\system32;C:\WINDOWS;C:\WINDOWS\System32\Wbem;C:\WINDOWS\System32\WindowsPowerShell\v1.0\;C:\WINDOWS\System32\OpenSSH\;C:\Program Files\nodejs\;C:\ProgramData\chocolatey\bin;C:\Program Files\Git\cmd;C:\Program Files\Bandizip\;C:\Users\ldh\AppData\Local\Microsoft\WindowsApps;C:\Users\ldh\AppData\Local\Programs\Microsoft VS Code\bin;C:\Users\ldh\AppData\Roaming\npm;C:\Users\ldh\AppData\Local\Android\Sdk\platform-tools;C:\Users\ldh\AppData\Local\Android\Sdk\tools;

Yarn version: 
  1.22.19

Node version: 
  16.15.1

Platform: 
  win32 x64

Trace: 
  Error: EPERM: operation not permitted, unlink 'C:\Users\ldh\blog\gatsby-starter-blog\node_modules\@parcel\hash\parcel-hash.win32-x64-msvc.node'

npm manifest: 
  {
    "name": "gatsby-starter-blog",
    "private": true,
    "description": "A starter for a blog powered by Gatsby and Markdown",
    "version": "0.1.0",
    "author": "Kyle Mathews <mathews.kyle@gmail.com>",
    "bugs": {
      "url": "https://github.com/gatsbyjs/gatsby/issues"
    },
    "dependencies": {
      "gatsby": "^4.22.1",
      "gatsby-plugin-feed": "^4.22.0",
      "gatsby-plugin-image": "^2.22.0",
      "gatsby-plugin-manifest": "^4.22.0",
      "gatsby-plugin-sharp": "^4.22.0",
      "gatsby-remark-copy-linked-files": "^5.22.0",
      "gatsby-remark-images": "^6.22.0",
      "gatsby-remark-prismjs": "^6.22.0",
      "gatsby-remark-responsive-iframe": "^5.22.0",
      "gatsby-remark-smartypants": "^5.22.0",
      "gatsby-source-filesystem": "^4.22.0",
      "gatsby-transformer-remark": "^5.22.0",
      "gatsby-transformer-sharp": "^4.22.0",
      "prismjs": "^1.29.0",
      "react": "^18.1.0",
      "react-dom": "^18.1.0",
      "typeface-merriweather": "0.0.72",
      "typeface-montserrat": "0.0.75"
    },
    "devDependencies": {
      "gh-pages": "^4.0.0",
      "prettier": "^2.7.1"
    },
    "homepage": "https://github.com/gatsbyjs/gatsby-starter-blog#readme",
    "keywords": [
      "gatsby"
    ],
    "license": "0BSD",
    "repository": {
      "type": "git",
      "url": "git+https://github.com/gatsbyjs/gatsby-starter-blog.git"
    },
    "scripts": {
      "build": "gatsby build",
      "deploy": "gatsby build && gh-pages -d public -b main",
      "develop": "gatsby develop",
      "format": "prettier --write \"**/*.{js,jsx,ts,tsx,json,md}\"",
      "start": "gatsby develop",
      "serve": "gatsby serve",
      "clean": "gatsby clean",
      "test": "echo \"Write tests! -> https://gatsby.dev/unit-testing\" && exit 1"
    }
  }

yarn manifest: 
  No manifest

Lockfile: 
  No lockfile
